[debug] [2025-09-13T21:08:43.769Z] ----------------------------------------------------------------------
[debug] [2025-09-13T21:08:43.771Z] Command:       C:\Program Files\nodejs\node.exe C:\Users\ANDREY\AppData\Roaming\npm\node_modules\firebase-tools\lib\bin\firebase.js init
[debug] [2025-09-13T21:08:43.772Z] CLI Version:   14.16.0
[debug] [2025-09-13T21:08:43.772Z] Platform:      win32
[debug] [2025-09-13T21:08:43.772Z] Node Version:  v22.19.0
[debug] [2025-09-13T21:08:43.772Z] Time:          Sat Sep 13 2025 18:08:43 GMT-0300 (Horário Padrão de Brasília)
[debug] [2025-09-13T21:08:43.772Z] ----------------------------------------------------------------------
[debug] 
[debug] [2025-09-13T21:08:43.778Z] > command requires scopes: ["email","openid","https://www.googleapis.com/auth/cloudplatformprojects.readonly","https://www.googleapis.com/auth/firebase","https://www.googleapis.com/auth/cloud-platform"]
[debug] [2025-09-13T21:08:43.778Z] > authorizing via signed-in user (andrey.mag1909@gmail.com)
[info] 
     ######## #### ########  ######## ########     ###     ######  ########
     ##        ##  ##     ## ##       ##     ##  ##   ##  ##       ##
     ######    ##  ########  ######   ########  #########  ######  ######
     ##        ##  ##    ##  ##       ##     ## ##     ##       ## ##
     ##       #### ##     ## ######## ########  ##     ##  ######  ########

You're about to initialize a Firebase project in this directory:

  C:\Users\ANDREY\Desktop\_my_barber_shop\my-app

[debug] [2025-09-13T21:10:23.835Z] ExitPromptError: User force closed the prompt with SIGINT
    at Interface.sigint (C:\Users\ANDREY\AppData\Roaming\npm\node_modules\firebase-tools\node_modules\@inquirer\core\dist\commonjs\lib\create-prompt.js:101:37)
    at Interface.emit (node:events:519:28)
    at Interface.emit (node:domain:489:12)
    at [_ttyWrite] [as _ttyWrite] (node:internal/readline/interface:1132:18)
    at ReadStream.onkeypress (node:internal/readline/interface:271:20)
    at ReadStream.emit (node:events:531:35)
    at ReadStream.emit (node:domain:489:12)
    at emitKeys (node:internal/readline/utils:370:14)
    at emitKeys.next (<anonymous>)
    at ReadStream.onData (node:internal/readline/emitKeypressEvents:64:36)
[error] 
[error] Error: An unexpected error has occurred.
